  [1m[36m (1.6ms)[0m  [1mCREATE TABLE "schema_migrations" ("version" varchar NOT NULL) [0m
  [1m[35m (40.3ms)[0m  select sqlite_version(*)
  [1m[36m (5.8ms)[0m  [1mCREATE UNIQUE INDEX "unique_schema_migrations" ON "schema_migrations" ("version")[0m
  [1m[35mActiveRecord::SchemaMigration Load (0.1ms)[0m  SELECT "schema_migrations".* FROM "schema_migrations"
Migrating to CreateUsers (20150727142149)
  [1m[36m (0.1ms)[0m  [1mbegin transaction[0m
  [1m[35m (0.7ms)[0m  CREATE TABLE "users" ("id" INTEGER PRIMARY KEY AUTOINCREMENT NOT NULL, "nom" varchar, "email" varchar, "created_at" datetime NOT NULL, "updated_at" datetime NOT NULL) 
  [1m[36mSQL (0.2ms)[0m  [1mINSERT INTO "schema_migrations" ("version") VALUES (?)[0m  [["version", "20150727142149"]]
  [1m[35m (1.7ms)[0m  commit transaction
  [1m[36mActiveRecord::SchemaMigration Load (0.2ms)[0m  [1mSELECT "schema_migrations".* FROM "schema_migrations"[0m


Started GET "/" for ::1 at 2015-07-27 16:23:25 +0200
  [1m[36mActiveRecord::SchemaMigration Load (0.1ms)[0m  [1mSELECT "schema_migrations".* FROM "schema_migrations"[0m
Processing by Rails::WelcomeController#index as HTML
  Rendered /Users/oxynum/.rvm/gems/ruby-2.2.2@global/gems/railties-4.2.3/lib/rails/templates/rails/welcome/index.html.erb (1.7ms)
Completed 200 OK in 66ms (Views: 43.8ms | ActiveRecord: 0.0ms)


Started GET "/users" for ::1 at 2015-07-27 16:25:43 +0200
Processing by UsersController#index as HTML
  [1m[35mUser Load (0.2ms)[0m  SELECT "users".* FROM "users"
  Rendered users/index.html.erb within layouts/application (2.0ms)
Completed 200 OK in 1892ms (Views: 1890.1ms | ActiveRecord: 0.3ms)


Started GET "/assets/scaffolds.self-c7fdc47b5e069a369a89b8e8e25be666233c41ed1801ec91371e1b257d2fc36b.css?body=1" for ::1 at 2015-07-27 16:25:45 +0200


Started GET "/assets/users.self-e3b0c44298fc1c149afbf4c8996fb92427ae41e4649b934ca495991b7852b855.css?body=1" for ::1 at 2015-07-27 16:25:45 +0200


Started GET "/assets/users.self-877aef30ae1b040ab8a3aba4e3e309a11d7f2612f44dde450b5c157aa5f95c05.js?body=1" for ::1 at 2015-07-27 16:25:45 +0200


Started GET "/users/new" for ::1 at 2015-07-27 16:26:15 +0200
Processing by UsersController#new as HTML
  Rendered users/_form.html.erb (88.9ms)
  Rendered users/new.html.erb within layouts/application (142.8ms)
Completed 200 OK in 197ms (Views: 186.6ms | ActiveRecord: 0.3ms)


Started POST "/users" for ::1 at 2015-07-27 16:26:43 +0200
Processing by UsersController#create as HTML
  Parameters: {"utf8"=>"✓", "authenticity_token"=>"NaONIWpPv7vTaQ90MXs/Jwq12OIKgtshSTVXzDWo3FIHJFq2LdNyvGjQZmkKUc0Yp1WiH5xwUlK80hS1yhcIEQ==", "user"=>{"nom"=>"testtest", "email"=>"tes@exemple.com"}, "commit"=>"Create User"}
  [1m[36m (0.1ms)[0m  [1mbegin transaction[0m
  [1m[35mSQL (0.4ms)[0m  INSERT INTO "users" ("nom", "email", "created_at", "updated_at") VALUES (?, ?, ?, ?)  [["nom", "testtest"], ["email", "tes@exemple.com"], ["created_at", "2015-07-27 14:26:43.057320"], ["updated_at", "2015-07-27 14:26:43.057320"]]
  [1m[36m (1.1ms)[0m  [1mcommit transaction[0m
Redirected to http://localhost:3000/users/1
Completed 302 Found in 11ms (ActiveRecord: 1.6ms)


Started GET "/users/1" for ::1 at 2015-07-27 16:26:43 +0200
Processing by UsersController#show as HTML
  Parameters: {"id"=>"1"}
  [1m[35mUser Load (0.3ms)[0m  SELECT  "users".* FROM "users" WHERE "users"."id" = ? LIMIT 1  [["id", 1]]
  Rendered users/show.html.erb within layouts/application (1.0ms)
Completed 200 OK in 101ms (Views: 40.9ms | ActiveRecord: 0.3ms)


Started GET "/users/1/edit" for ::1 at 2015-07-27 16:27:36 +0200
Processing by UsersController#edit as HTML
  Parameters: {"id"=>"1"}
  [1m[36mUser Load (0.1ms)[0m  [1mSELECT  "users".* FROM "users" WHERE "users"."id" = ? LIMIT 1[0m  [["id", 1]]
  Rendered users/_form.html.erb (2.6ms)
  Rendered users/edit.html.erb within layouts/application (5.1ms)
Completed 200 OK in 52ms (Views: 50.6ms | ActiveRecord: 0.1ms)


Started PATCH "/users/1" for ::1 at 2015-07-27 16:27:44 +0200
Processing by UsersController#update as HTML
  Parameters: {"utf8"=>"✓", "authenticity_token"=>"OhVtgziiR7IBRjZTS7P5kMQavDPdyxuFnEGWg5PKp6sIkroUfz6Ktbr/X05wmQuvafrGzks5kvZpptX6bHVz6A==", "user"=>{"nom"=>"test-test", "email"=>"test@exemple.com"}, "commit"=>"Update User", "id"=>"1"}
  [1m[35mUser Load (0.1ms)[0m  SELECT  "users".* FROM "users" WHERE "users"."id" = ? LIMIT 1  [["id", 1]]
  [1m[36m (0.1ms)[0m  [1mbegin transaction[0m
  [1m[35mSQL (1.2ms)[0m  UPDATE "users" SET "nom" = ?, "email" = ?, "updated_at" = ? WHERE "users"."id" = ?  [["nom", "test-test"], ["email", "test@exemple.com"], ["updated_at", "2015-07-27 14:27:44.648701"], ["id", 1]]
  [1m[36m (1.0ms)[0m  [1mcommit transaction[0m
Redirected to http://localhost:3000/users/1
Completed 302 Found in 9ms (ActiveRecord: 2.4ms)


Started GET "/users/1" for ::1 at 2015-07-27 16:27:44 +0200
Processing by UsersController#show as HTML
  Parameters: {"id"=>"1"}
  [1m[35mUser Load (0.1ms)[0m  SELECT  "users".* FROM "users" WHERE "users"."id" = ? LIMIT 1  [["id", 1]]
  Rendered users/show.html.erb within layouts/application (0.6ms)
Completed 200 OK in 52ms (Views: 50.6ms | ActiveRecord: 0.1ms)


Started GET "/users" for ::1 at 2015-07-27 16:28:11 +0200
Processing by UsersController#index as HTML
  [1m[36mUser Load (0.1ms)[0m  [1mSELECT "users".* FROM "users"[0m
  Rendered users/index.html.erb within layouts/application (2.8ms)
Completed 200 OK in 38ms (Views: 37.3ms | ActiveRecord: 0.1ms)


Started GET "/users/new" for ::1 at 2015-07-27 16:28:13 +0200
Processing by UsersController#new as HTML
  Rendered users/_form.html.erb (1.4ms)
  Rendered users/new.html.erb within layouts/application (3.6ms)
Completed 200 OK in 36ms (Views: 35.7ms | ActiveRecord: 0.0ms)


Started POST "/users" for ::1 at 2015-07-27 16:28:27 +0200
Processing by UsersController#create as HTML
  Parameters: {"utf8"=>"✓", "authenticity_token"=>"R8Mcg217zgPmp3bbfvCL1TgOAx8WjRcUP1lywR2gQBR1RMsUKucDBF0eH8ZF2nnqle554oB/nmfKvjG44h+UVw==", "user"=>{"nom"=>"toto", "email"=>"toto@youlou.com"}, "commit"=>"Create User"}
  [1m[35m (0.1ms)[0m  begin transaction
  [1m[36mSQL (0.2ms)[0m  [1mINSERT INTO "users" ("nom", "email", "created_at", "updated_at") VALUES (?, ?, ?, ?)[0m  [["nom", "toto"], ["email", "toto@youlou.com"], ["created_at", "2015-07-27 14:28:27.333395"], ["updated_at", "2015-07-27 14:28:27.333395"]]
  [1m[35m (44.6ms)[0m  commit transaction
Redirected to http://localhost:3000/users/2
Completed 302 Found in 49ms (ActiveRecord: 44.9ms)


Started GET "/users/2" for ::1 at 2015-07-27 16:28:27 +0200
Processing by UsersController#show as HTML
  Parameters: {"id"=>"2"}
  [1m[36mUser Load (0.1ms)[0m  [1mSELECT  "users".* FROM "users" WHERE "users"."id" = ? LIMIT 1[0m  [["id", 2]]
  Rendered users/show.html.erb within layouts/application (0.4ms)
Completed 200 OK in 27ms (Views: 26.3ms | ActiveRecord: 0.1ms)


Started GET "/users" for ::1 at 2015-07-27 16:28:29 +0200
Processing by UsersController#index as HTML
  [1m[35mUser Load (0.1ms)[0m  SELECT "users".* FROM "users"
  Rendered users/index.html.erb within layouts/application (1.4ms)
Completed 200 OK in 26ms (Views: 25.7ms | ActiveRecord: 0.1ms)


Started DELETE "/users/2" for ::1 at 2015-07-27 16:29:16 +0200
Processing by UsersController#destroy as HTML
  Parameters: {"authenticity_token"=>"gYyODacTV2nzuHQm+Z4pMMD1C70Dn2Q8Aq0wbs5RPHizC1ma4I+abkgBHTvCtNsPbRVxQJVt7U/3SnMXMe7oOw==", "id"=>"2"}
  [1m[36mUser Load (0.1ms)[0m  [1mSELECT  "users".* FROM "users" WHERE "users"."id" = ? LIMIT 1[0m  [["id", 2]]
  [1m[35m (0.1ms)[0m  begin transaction
  [1m[36mSQL (0.3ms)[0m  [1mDELETE FROM "users" WHERE "users"."id" = ?[0m  [["id", 2]]
  [1m[35m (1.6ms)[0m  commit transaction
Redirected to http://localhost:3000/users
Completed 302 Found in 5ms (ActiveRecord: 2.1ms)


Started GET "/users" for ::1 at 2015-07-27 16:29:16 +0200
Processing by UsersController#index as HTML
  [1m[36mUser Load (0.2ms)[0m  [1mSELECT "users".* FROM "users"[0m
  Rendered users/index.html.erb within layouts/application (1.3ms)
Completed 200 OK in 35ms (Views: 34.0ms | ActiveRecord: 0.2ms)
  [1m[36mActiveRecord::SchemaMigration Load (0.1ms)[0m  [1mSELECT "schema_migrations".* FROM "schema_migrations"[0m
Migrating to CreateMicroposts (20150727144800)
  [1m[35m (0.1ms)[0m  begin transaction
  [1m[36m (0.4ms)[0m  [1mCREATE TABLE "microposts" ("id" INTEGER PRIMARY KEY AUTOINCREMENT NOT NULL, "content" varchar, "user_id" integer, "created_at" datetime NOT NULL, "updated_at" datetime NOT NULL) [0m
  [1m[35mSQL (0.2ms)[0m  INSERT INTO "schema_migrations" ("version") VALUES (?)  [["version", "20150727144800"]]
  [1m[36m (1.3ms)[0m  [1mcommit transaction[0m
  [1m[35mActiveRecord::SchemaMigration Load (0.1ms)[0m  SELECT "schema_migrations".* FROM "schema_migrations"


Started GET "/users" for ::1 at 2015-07-27 16:48:52 +0200
  [1m[36mActiveRecord::SchemaMigration Load (0.1ms)[0m  [1mSELECT "schema_migrations".* FROM "schema_migrations"[0m
Processing by UsersController#index as HTML
  [1m[35mUser Load (0.2ms)[0m  SELECT "users".* FROM "users"
  Rendered users/index.html.erb within layouts/application (6.9ms)
Completed 200 OK in 415ms (Views: 396.0ms | ActiveRecord: 0.5ms)


Started GET "/assets/application.self-e80e8f2318043e8af94dddc2adad5a4f09739a8ebb323b3ab31cd71d45fd9113.css?body=1" for ::1 at 2015-07-27 16:48:53 +0200


Started GET "/assets/microposts.self-e3b0c44298fc1c149afbf4c8996fb92427ae41e4649b934ca495991b7852b855.css?body=1" for ::1 at 2015-07-27 16:48:53 +0200


Started GET "/assets/scaffolds.self-c7fdc47b5e069a369a89b8e8e25be666233c41ed1801ec91371e1b257d2fc36b.css?body=1" for ::1 at 2015-07-27 16:48:53 +0200


Started GET "/assets/jquery.self-d03a5518f45df77341bdbe6201ba3bfa547ebba8ed64f0ea56bfa5f96ea7c074.js?body=1" for ::1 at 2015-07-27 16:48:53 +0200


Started GET "/assets/users.self-e3b0c44298fc1c149afbf4c8996fb92427ae41e4649b934ca495991b7852b855.css?body=1" for ::1 at 2015-07-27 16:48:53 +0200


Started GET "/assets/jquery_ujs.self-ca5248a2fad13d6bd58ea121318d642f195f0b2dd818b30615f785ff365e8d1f.js?body=1" for ::1 at 2015-07-27 16:48:53 +0200


Started GET "/assets/turbolinks.self-c37727e9bd6b2735da5c311aa83fead54ed0be6cc8bd9a65309e9c5abe2cbfff.js?body=1" for ::1 at 2015-07-27 16:48:53 +0200


Started GET "/assets/microposts.self-877aef30ae1b040ab8a3aba4e3e309a11d7f2612f44dde450b5c157aa5f95c05.js?body=1" for ::1 at 2015-07-27 16:48:53 +0200


Started GET "/assets/users.self-877aef30ae1b040ab8a3aba4e3e309a11d7f2612f44dde450b5c157aa5f95c05.js?body=1" for ::1 at 2015-07-27 16:48:53 +0200


Started GET "/assets/application.self-3b8dabdc891efe46b9a144b400ad69e37d7e5876bdc39dee783419a69d7ca819.js?body=1" for ::1 at 2015-07-27 16:48:53 +0200


Started GET "/micropost" for ::1 at 2015-07-27 16:49:07 +0200

ActionController::RoutingError (No route matches [GET] "/micropost"):
  actionpack (4.2.3) lib/action_dispatch/middleware/debug_exceptions.rb:21:in `call'
  web-console (2.2.1) lib/web_console/middleware.rb:39:in `call'
  actionpack (4.2.3) lib/action_dispatch/middleware/show_exceptions.rb:30:in `call'
  railties (4.2.3) lib/rails/rack/logger.rb:38:in `call_app'
  railties (4.2.3) lib/rails/rack/logger.rb:20:in `block in call'
  activesupport (4.2.3) lib/active_support/tagged_logging.rb:68:in `block in tagged'
  activesupport (4.2.3) lib/active_support/tagged_logging.rb:26:in `tagged'
  activesupport (4.2.3) lib/active_support/tagged_logging.rb:68:in `tagged'
  railties (4.2.3) lib/rails/rack/logger.rb:20:in `call'
  actionpack (4.2.3) lib/action_dispatch/middleware/request_id.rb:21:in `call'
  rack (1.6.4) lib/rack/methodoverride.rb:22:in `call'
  rack (1.6.4) lib/rack/runtime.rb:18:in `call'
  activesupport (4.2.3) lib/active_support/cache/strategy/local_cache_middleware.rb:28:in `call'
  rack (1.6.4) lib/rack/lock.rb:17:in `call'
  actionpack (4.2.3) lib/action_dispatch/middleware/static.rb:116:in `call'
  rack (1.6.4) lib/rack/sendfile.rb:113:in `call'
  railties (4.2.3) lib/rails/engine.rb:518:in `call'
  railties (4.2.3) lib/rails/application.rb:165:in `call'
  rack (1.6.4) lib/rack/lock.rb:17:in `call'
  rack (1.6.4) lib/rack/content_length.rb:15:in `call'
  rack (1.6.4) lib/rack/handler/webrick.rb:88:in `service'
  /Users/oxynum/.rvm/rubies/ruby-2.2.2/lib/ruby/2.2.0/webrick/httpserver.rb:138:in `service'
  /Users/oxynum/.rvm/rubies/ruby-2.2.2/lib/ruby/2.2.0/webrick/httpserver.rb:94:in `run'
  /Users/oxynum/.rvm/rubies/ruby-2.2.2/lib/ruby/2.2.0/webrick/server.rb:294:in `block in start_thread'


  Rendered /Users/oxynum/.rvm/gems/ruby-2.2.2@global/gems/actionpack-4.2.3/lib/action_dispatch/middleware/templates/rescues/_trace.html.erb (2.2ms)
  Rendered /Users/oxynum/.rvm/gems/ruby-2.2.2@global/gems/actionpack-4.2.3/lib/action_dispatch/middleware/templates/routes/_route.html.erb (2.7ms)
  Rendered /Users/oxynum/.rvm/gems/ruby-2.2.2@global/gems/actionpack-4.2.3/lib/action_dispatch/middleware/templates/routes/_table.html.erb (10.6ms)
  Rendered /Users/oxynum/.rvm/gems/ruby-2.2.2@global/gems/actionpack-4.2.3/lib/action_dispatch/middleware/templates/rescues/_request_and_response.html.erb (2.2ms)
  Rendered /Users/oxynum/.rvm/gems/ruby-2.2.2@global/gems/actionpack-4.2.3/lib/action_dispatch/middleware/templates/rescues/routing_error.html.erb within rescues/layout (118.0ms)
  Rendered /Users/oxynum/.rvm/gems/ruby-2.2.2/gems/web-console-2.2.1/lib/web_console/templates/_markup.html.erb (0.7ms)
  Rendered /Users/oxynum/.rvm/gems/ruby-2.2.2/gems/web-console-2.2.1/lib/web_console/templates/_inner_console_markup.html.erb within layouts/inlined_string (0.3ms)
  Rendered /Users/oxynum/.rvm/gems/ruby-2.2.2/gems/web-console-2.2.1/lib/web_console/templates/_prompt_box_markup.html.erb within layouts/inlined_string (0.3ms)
  Rendered /Users/oxynum/.rvm/gems/ruby-2.2.2/gems/web-console-2.2.1/lib/web_console/templates/style.css.erb within layouts/inlined_string (0.4ms)
  Rendered /Users/oxynum/.rvm/gems/ruby-2.2.2/gems/web-console-2.2.1/lib/web_console/templates/console.js.erb within layouts/javascript (51.4ms)
  Rendered /Users/oxynum/.rvm/gems/ruby-2.2.2/gems/web-console-2.2.1/lib/web_console/templates/main.js.erb within layouts/javascript (0.4ms)
  Rendered /Users/oxynum/.rvm/gems/ruby-2.2.2/gems/web-console-2.2.1/lib/web_console/templates/error_page.js.erb within layouts/javascript (0.9ms)
  Rendered /Users/oxynum/.rvm/gems/ruby-2.2.2/gems/web-console-2.2.1/lib/web_console/templates/index.html.erb (118.1ms)


Started GET "/microposts" for ::1 at 2015-07-27 16:49:12 +0200
Processing by MicropostsController#index as HTML
  [1m[36mMicropost Load (0.1ms)[0m  [1mSELECT "microposts".* FROM "microposts"[0m
  Rendered microposts/index.html.erb within layouts/application (2.6ms)
Completed 200 OK in 54ms (Views: 50.4ms | ActiveRecord: 0.8ms)


Started GET "/microposts/new" for ::1 at 2015-07-27 16:49:15 +0200
Processing by MicropostsController#new as HTML
  Rendered microposts/_form.html.erb (81.0ms)
  Rendered microposts/new.html.erb within layouts/application (83.5ms)
Completed 200 OK in 123ms (Views: 119.7ms | ActiveRecord: 0.1ms)


Started POST "/microposts" for ::1 at 2015-07-27 16:49:20 +0200
Processing by MicropostsController#create as HTML
  Parameters: {"utf8"=>"✓", "authenticity_token"=>"9AGNHyDKizJLpGyvCP2Qj1pAcm4B9zhiUDdLL1ZiQ6TGhlqIZ1ZGNfAdBbIz12Kw96AIk5cFsRGl0AhWqd2X5w==", "micropost"=>{"content"=>"salut beber", "user_id"=>""}, "commit"=>"Create Micropost"}
  [1m[35m (0.1ms)[0m  begin transaction
  [1m[36mSQL (0.4ms)[0m  [1mINSERT INTO "microposts" ("content", "created_at", "updated_at") VALUES (?, ?, ?)[0m  [["content", "salut beber"], ["created_at", "2015-07-27 14:49:20.612214"], ["updated_at", "2015-07-27 14:49:20.612214"]]
  [1m[35m (1.1ms)[0m  commit transaction
Redirected to http://localhost:3000/microposts/1
Completed 302 Found in 7ms (ActiveRecord: 1.5ms)


Started GET "/microposts/1" for ::1 at 2015-07-27 16:49:20 +0200
Processing by MicropostsController#show as HTML
  Parameters: {"id"=>"1"}
  [1m[36mMicropost Load (0.2ms)[0m  [1mSELECT  "microposts".* FROM "microposts" WHERE "microposts"."id" = ? LIMIT 1[0m  [["id", 1]]
  Rendered microposts/show.html.erb within layouts/application (0.8ms)
Completed 200 OK in 38ms (Views: 31.9ms | ActiveRecord: 0.2ms)


Started GET "/microposts/1/edit" for ::1 at 2015-07-27 16:49:24 +0200
Processing by MicropostsController#edit as HTML
  Parameters: {"id"=>"1"}
  [1m[35mMicropost Load (0.1ms)[0m  SELECT  "microposts".* FROM "microposts" WHERE "microposts"."id" = ? LIMIT 1  [["id", 1]]
  Rendered microposts/_form.html.erb (1.6ms)
  Rendered microposts/edit.html.erb within layouts/application (4.0ms)
Completed 200 OK in 36ms (Views: 35.3ms | ActiveRecord: 0.1ms)


Started PATCH "/microposts/1" for ::1 at 2015-07-27 16:49:29 +0200
Processing by MicropostsController#update as HTML
  Parameters: {"utf8"=>"✓", "authenticity_token"=>"DP0JpSPo7nqfb4USV0VTKs7kdsxNdL7vfEVJSnZnBek+et4yZHQjfSTW7A9sb6EVYwQMMduGN5yJogozidjRqg==", "micropost"=>{"content"=>"salut beber", "user_id"=>"23"}, "commit"=>"Update Micropost", "id"=>"1"}
  [1m[36mMicropost Load (0.1ms)[0m  [1mSELECT  "microposts".* FROM "microposts" WHERE "microposts"."id" = ? LIMIT 1[0m  [["id", 1]]
  [1m[35m (0.1ms)[0m  begin transaction
  [1m[36mSQL (0.5ms)[0m  [1mUPDATE "microposts" SET "user_id" = ?, "updated_at" = ? WHERE "microposts"."id" = ?[0m  [["user_id", 23], ["updated_at", "2015-07-27 14:49:29.623349"], ["id", 1]]
  [1m[35m (1.4ms)[0m  commit transaction
Redirected to http://localhost:3000/microposts/1
Completed 302 Found in 7ms (ActiveRecord: 2.0ms)


Started GET "/microposts/1" for ::1 at 2015-07-27 16:49:29 +0200
Processing by MicropostsController#show as HTML
  Parameters: {"id"=>"1"}
  [1m[36mMicropost Load (0.1ms)[0m  [1mSELECT  "microposts".* FROM "microposts" WHERE "microposts"."id" = ? LIMIT 1[0m  [["id", 1]]
  Rendered microposts/show.html.erb within layouts/application (0.3ms)
Completed 200 OK in 31ms (Views: 30.3ms | ActiveRecord: 0.1ms)


Started GET "/microposts" for ::1 at 2015-07-27 16:49:31 +0200
Processing by MicropostsController#index as HTML
  [1m[35mMicropost Load (0.2ms)[0m  SELECT "microposts".* FROM "microposts"
  Rendered microposts/index.html.erb within layouts/application (1.7ms)
Completed 200 OK in 35ms (Views: 34.3ms | ActiveRecord: 0.2ms)


Started GET "/microposts/1/edit" for ::1 at 2015-07-27 16:49:35 +0200
Processing by MicropostsController#edit as HTML
  Parameters: {"id"=>"1"}
  [1m[36mMicropost Load (0.1ms)[0m  [1mSELECT  "microposts".* FROM "microposts" WHERE "microposts"."id" = ? LIMIT 1[0m  [["id", 1]]
  Rendered microposts/_form.html.erb (1.6ms)
  Rendered microposts/edit.html.erb within layouts/application (3.5ms)
Completed 200 OK in 36ms (Views: 35.5ms | ActiveRecord: 0.1ms)


Started GET "/microposts/1" for ::1 at 2015-07-27 16:49:37 +0200
Processing by MicropostsController#show as HTML
  Parameters: {"id"=>"1"}
  [1m[35mMicropost Load (0.1ms)[0m  SELECT  "microposts".* FROM "microposts" WHERE "microposts"."id" = ? LIMIT 1  [["id", 1]]
  Rendered microposts/show.html.erb within layouts/application (0.8ms)
Completed 200 OK in 34ms (Views: 32.9ms | ActiveRecord: 0.1ms)


Started GET "/microposts/1/edit" for ::1 at 2015-07-27 16:49:40 +0200
Processing by MicropostsController#edit as HTML
  Parameters: {"id"=>"1"}
  [1m[36mMicropost Load (0.1ms)[0m  [1mSELECT  "microposts".* FROM "microposts" WHERE "microposts"."id" = ? LIMIT 1[0m  [["id", 1]]
  Rendered microposts/_form.html.erb (1.7ms)
  Rendered microposts/edit.html.erb within layouts/application (4.0ms)
Completed 200 OK in 40ms (Views: 39.1ms | ActiveRecord: 0.1ms)


Started GET "/microposts" for ::1 at 2015-07-27 16:49:41 +0200
Processing by MicropostsController#index as HTML
  [1m[35mMicropost Load (0.1ms)[0m  SELECT "microposts".* FROM "microposts"
  Rendered microposts/index.html.erb within layouts/application (1.1ms)
Completed 200 OK in 32ms (Views: 31.3ms | ActiveRecord: 0.1ms)


Started GET "/microposts/1" for ::1 at 2015-07-27 16:49:43 +0200
Processing by MicropostsController#show as HTML
  Parameters: {"id"=>"1"}
  [1m[36mMicropost Load (0.1ms)[0m  [1mSELECT  "microposts".* FROM "microposts" WHERE "microposts"."id" = ? LIMIT 1[0m  [["id", 1]]
  Rendered microposts/show.html.erb within layouts/application (0.3ms)
Completed 200 OK in 38ms (Views: 37.3ms | ActiveRecord: 0.1ms)


Started GET "/microposts" for ::1 at 2015-07-27 16:49:45 +0200
Processing by MicropostsController#index as HTML
  [1m[35mMicropost Load (0.1ms)[0m  SELECT "microposts".* FROM "microposts"
  Rendered microposts/index.html.erb within layouts/application (1.0ms)
Completed 200 OK in 32ms (Views: 31.3ms | ActiveRecord: 0.1ms)


Started GET "/microposts" for ::1 at 2015-07-27 16:52:00 +0200
Processing by MicropostsController#index as HTML
  [1m[36mMicropost Load (0.3ms)[0m  [1mSELECT "microposts".* FROM "microposts"[0m
  Rendered microposts/index.html.erb within layouts/application (4.7ms)
Completed 200 OK in 38ms (Views: 35.3ms | ActiveRecord: 0.6ms)


Started GET "/assets/scaffolds.self-c7fdc47b5e069a369a89b8e8e25be666233c41ed1801ec91371e1b257d2fc36b.css?body=1" for ::1 at 2015-07-27 16:52:00 +0200


Started GET "/assets/microposts.self-e3b0c44298fc1c149afbf4c8996fb92427ae41e4649b934ca495991b7852b855.css?body=1" for ::1 at 2015-07-27 16:52:00 +0200


Started GET "/assets/users.self-e3b0c44298fc1c149afbf4c8996fb92427ae41e4649b934ca495991b7852b855.css?body=1" for ::1 at 2015-07-27 16:52:00 +0200


Started GET "/assets/application.self-e80e8f2318043e8af94dddc2adad5a4f09739a8ebb323b3ab31cd71d45fd9113.css?body=1" for ::1 at 2015-07-27 16:52:00 +0200


Started GET "/assets/jquery.self-d03a5518f45df77341bdbe6201ba3bfa547ebba8ed64f0ea56bfa5f96ea7c074.js?body=1" for ::1 at 2015-07-27 16:52:00 +0200


Started GET "/assets/jquery_ujs.self-ca5248a2fad13d6bd58ea121318d642f195f0b2dd818b30615f785ff365e8d1f.js?body=1" for ::1 at 2015-07-27 16:52:00 +0200


Started GET "/assets/turbolinks.self-c37727e9bd6b2735da5c311aa83fead54ed0be6cc8bd9a65309e9c5abe2cbfff.js?body=1" for ::1 at 2015-07-27 16:52:00 +0200


Started GET "/assets/microposts.self-877aef30ae1b040ab8a3aba4e3e309a11d7f2612f44dde450b5c157aa5f95c05.js?body=1" for ::1 at 2015-07-27 16:52:00 +0200


Started GET "/assets/users.self-877aef30ae1b040ab8a3aba4e3e309a11d7f2612f44dde450b5c157aa5f95c05.js?body=1" for ::1 at 2015-07-27 16:52:00 +0200


Started GET "/assets/application.self-3b8dabdc891efe46b9a144b400ad69e37d7e5876bdc39dee783419a69d7ca819.js?body=1" for ::1 at 2015-07-27 16:52:00 +0200


Started GET "/microposts/new" for ::1 at 2015-07-27 16:52:02 +0200
Processing by MicropostsController#new as HTML
  Rendered microposts/_form.html.erb (1.4ms)
  Rendered microposts/new.html.erb within layouts/application (3.1ms)
Completed 200 OK in 40ms (Views: 39.4ms | ActiveRecord: 0.0ms)


Started POST "/microposts" for ::1 at 2015-07-27 16:52:53 +0200
Processing by MicropostsController#create as HTML
  Parameters: {"utf8"=>"✓", "authenticity_token"=>"y2HYm+6lmgfnAMhDhIiRcdurQz4SUpM38XFHGBEStf/55g8MqTlXAFy5oV6/omNOdks5w4SgGkQElgRh7q1hvA==", "micropost"=>{"content"=>"rrrr't\"'t'\"t\"tttltltltltlltlttltlltltltltltltltllttllltltltltltltptlmtpltpltlpltpopkpkpokpokpkpokopkbpokbpokbpokbpkbpobkbpkbpokbpbkpkpkokokp kpokpkpkpk pkpkpkpk pkp kpok p kpkpk pk opk k pk po k k k k k k kkkkkkkkootkokokokkokokokokokokokokktktktktktktkktktktktktktktktktktktktkkttttttttttttkkkkkkkkkkkkkkkkkkkkkkkkkkkkkkkkkkkkkkkkkktttttttttttttttttttttttttkktktktktktktk", "user_id"=>""}, "commit"=>"Create Micropost"}
  [1m[35m (0.3ms)[0m  begin transaction
  [1m[36m (0.1ms)[0m  [1mrollback transaction[0m
  Rendered microposts/_form.html.erb (2.9ms)
  Rendered microposts/new.html.erb within layouts/application (4.7ms)
Completed 200 OK in 46ms (Views: 42.6ms | ActiveRecord: 0.3ms)


Started GET "/microposts" for ::1 at 2015-07-27 16:54:42 +0200
Processing by MicropostsController#index as HTML
  [1m[35mMicropost Load (0.3ms)[0m  SELECT "microposts".* FROM "microposts"
  Rendered microposts/index.html.erb within layouts/application (4.6ms)
Completed 200 OK in 81ms (Views: 35.0ms | ActiveRecord: 0.6ms)


Started DELETE "/microposts/1" for ::1 at 2015-07-27 16:54:47 +0200
Processing by MicropostsController#destroy as HTML
  Parameters: {"authenticity_token"=>"bJ9sv9S55//fg+BF32D4ammyQJZAZg+94Sa17NMCqqBeGLsokyUq+GQ6iVjkSgpVxFI6a9aUhs4UwfaVLL1+4w==", "id"=>"1"}
  [1m[36mMicropost Load (0.2ms)[0m  [1mSELECT  "microposts".* FROM "microposts" WHERE "microposts"."id" = ? LIMIT 1[0m  [["id", 1]]
  [1m[35m (0.0ms)[0m  begin transaction
  [1m[36mSQL (0.2ms)[0m  [1mDELETE FROM "microposts" WHERE "microposts"."id" = ?[0m  [["id", 1]]
  [1m[35m (5.5ms)[0m  commit transaction
Redirected to http://localhost:3000/microposts
Completed 302 Found in 9ms (ActiveRecord: 5.9ms)


Started GET "/microposts" for ::1 at 2015-07-27 16:54:47 +0200
Processing by MicropostsController#index as HTML
  [1m[36mMicropost Load (0.3ms)[0m  [1mSELECT "microposts".* FROM "microposts"[0m
  Rendered microposts/index.html.erb within layouts/application (1.4ms)
Completed 200 OK in 46ms (Views: 45.4ms | ActiveRecord: 0.3ms)


Started GET "/user" for ::1 at 2015-07-27 16:54:53 +0200

ActionController::RoutingError (No route matches [GET] "/user"):
  actionpack (4.2.3) lib/action_dispatch/middleware/debug_exceptions.rb:21:in `call'
  web-console (2.2.1) lib/web_console/middleware.rb:39:in `call'
  actionpack (4.2.3) lib/action_dispatch/middleware/show_exceptions.rb:30:in `call'
  railties (4.2.3) lib/rails/rack/logger.rb:38:in `call_app'
  railties (4.2.3) lib/rails/rack/logger.rb:20:in `block in call'
  activesupport (4.2.3) lib/active_support/tagged_logging.rb:68:in `block in tagged'
  activesupport (4.2.3) lib/active_support/tagged_logging.rb:26:in `tagged'
  activesupport (4.2.3) lib/active_support/tagged_logging.rb:68:in `tagged'
  railties (4.2.3) lib/rails/rack/logger.rb:20:in `call'
  actionpack (4.2.3) lib/action_dispatch/middleware/request_id.rb:21:in `call'
  rack (1.6.4) lib/rack/methodoverride.rb:22:in `call'
  rack (1.6.4) lib/rack/runtime.rb:18:in `call'
  activesupport (4.2.3) lib/active_support/cache/strategy/local_cache_middleware.rb:28:in `call'
  rack (1.6.4) lib/rack/lock.rb:17:in `call'
  actionpack (4.2.3) lib/action_dispatch/middleware/static.rb:116:in `call'
  rack (1.6.4) lib/rack/sendfile.rb:113:in `call'
  railties (4.2.3) lib/rails/engine.rb:518:in `call'
  railties (4.2.3) lib/rails/application.rb:165:in `call'
  rack (1.6.4) lib/rack/lock.rb:17:in `call'
  rack (1.6.4) lib/rack/content_length.rb:15:in `call'
  rack (1.6.4) lib/rack/handler/webrick.rb:88:in `service'
  /Users/oxynum/.rvm/rubies/ruby-2.2.2/lib/ruby/2.2.0/webrick/httpserver.rb:138:in `service'
  /Users/oxynum/.rvm/rubies/ruby-2.2.2/lib/ruby/2.2.0/webrick/httpserver.rb:94:in `run'
  /Users/oxynum/.rvm/rubies/ruby-2.2.2/lib/ruby/2.2.0/webrick/server.rb:294:in `block in start_thread'


  Rendered /Users/oxynum/.rvm/gems/ruby-2.2.2@global/gems/actionpack-4.2.3/lib/action_dispatch/middleware/templates/rescues/_trace.html.erb (1.3ms)
  Rendered /Users/oxynum/.rvm/gems/ruby-2.2.2@global/gems/actionpack-4.2.3/lib/action_dispatch/middleware/templates/routes/_route.html.erb (1.5ms)
  Rendered /Users/oxynum/.rvm/gems/ruby-2.2.2@global/gems/actionpack-4.2.3/lib/action_dispatch/middleware/templates/routes/_table.html.erb (1.3ms)
  Rendered /Users/oxynum/.rvm/gems/ruby-2.2.2@global/gems/actionpack-4.2.3/lib/action_dispatch/middleware/templates/rescues/_request_and_response.html.erb (1.3ms)
  Rendered /Users/oxynum/.rvm/gems/ruby-2.2.2@global/gems/actionpack-4.2.3/lib/action_dispatch/middleware/templates/rescues/routing_error.html.erb within rescues/layout (83.2ms)
  Rendered /Users/oxynum/.rvm/gems/ruby-2.2.2/gems/web-console-2.2.1/lib/web_console/templates/_markup.html.erb (0.5ms)
  Rendered /Users/oxynum/.rvm/gems/ruby-2.2.2/gems/web-console-2.2.1/lib/web_console/templates/_inner_console_markup.html.erb within layouts/inlined_string (0.3ms)
  Rendered /Users/oxynum/.rvm/gems/ruby-2.2.2/gems/web-console-2.2.1/lib/web_console/templates/_prompt_box_markup.html.erb within layouts/inlined_string (0.3ms)
  Rendered /Users/oxynum/.rvm/gems/ruby-2.2.2/gems/web-console-2.2.1/lib/web_console/templates/style.css.erb within layouts/inlined_string (0.4ms)
  Rendered /Users/oxynum/.rvm/gems/ruby-2.2.2/gems/web-console-2.2.1/lib/web_console/templates/console.js.erb within layouts/javascript (44.6ms)
  Rendered /Users/oxynum/.rvm/gems/ruby-2.2.2/gems/web-console-2.2.1/lib/web_console/templates/main.js.erb within layouts/javascript (0.3ms)
  Rendered /Users/oxynum/.rvm/gems/ruby-2.2.2/gems/web-console-2.2.1/lib/web_console/templates/error_page.js.erb within layouts/javascript (0.5ms)
  Rendered /Users/oxynum/.rvm/gems/ruby-2.2.2/gems/web-console-2.2.1/lib/web_console/templates/index.html.erb (99.5ms)


Started GET "/users" for ::1 at 2015-07-27 16:55:02 +0200
Processing by UsersController#index as HTML
  [1m[35mUser Load (0.2ms)[0m  SELECT "users".* FROM "users"
  Rendered users/index.html.erb within layouts/application (4.1ms)
Completed 200 OK in 85ms (Views: 32.6ms | ActiveRecord: 0.4ms)


Started GET "/users/new" for ::1 at 2015-07-27 16:55:06 +0200
Processing by UsersController#new as HTML
  Rendered users/_form.html.erb (2.0ms)
  Rendered users/new.html.erb within layouts/application (4.5ms)
Completed 200 OK in 86ms (Views: 85.7ms | ActiveRecord: 0.0ms)


Started POST "/users" for ::1 at 2015-07-27 16:55:34 +0200
Processing by UsersController#create as HTML
  Parameters: {"utf8"=>"✓", "authenticity_token"=>"EGt7nravMKodoK+LIXpMUbv88O/8ZFKMisdX7sqcEEci7KwJ8TP9raYZxpYaUL5uFhyKEmqW2/9/IBSXNSPEBA==", "user"=>{"nom"=>"toto", "email"=>"toto@youlou.com"}, "commit"=>"Create User"}
  [1m[36m (0.1ms)[0m  [1mbegin transaction[0m
  [1m[35mSQL (0.3ms)[0m  INSERT INTO "users" ("nom", "email", "created_at", "updated_at") VALUES (?, ?, ?, ?)  [["nom", "toto"], ["email", "toto@youlou.com"], ["created_at", "2015-07-27 14:55:34.770573"], ["updated_at", "2015-07-27 14:55:34.770573"]]
  [1m[36m (0.9ms)[0m  [1mcommit transaction[0m
Redirected to http://localhost:3000/users/3
Completed 302 Found in 5ms (ActiveRecord: 1.3ms)


Started GET "/users/3" for ::1 at 2015-07-27 16:55:34 +0200
Processing by UsersController#show as HTML
  Parameters: {"id"=>"3"}
  [1m[35mUser Load (0.2ms)[0m  SELECT  "users".* FROM "users" WHERE "users"."id" = ? LIMIT 1  [["id", 3]]
  Rendered users/show.html.erb within layouts/application (1.0ms)
Completed 200 OK in 72ms (Views: 71.0ms | ActiveRecord: 0.2ms)


Started GET "/users" for ::1 at 2015-07-27 16:55:37 +0200
Processing by UsersController#index as HTML
  [1m[36mUser Load (0.2ms)[0m  [1mSELECT "users".* FROM "users"[0m
  Rendered users/index.html.erb within layouts/application (1.8ms)
Completed 200 OK in 32ms (Views: 31.7ms | ActiveRecord: 0.2ms)


Started GET "/microposts" for ::1 at 2015-07-27 16:55:43 +0200
Processing by MicropostsController#index as HTML
  [1m[35mMicropost Load (0.2ms)[0m  SELECT "microposts".* FROM "microposts"
  Rendered microposts/index.html.erb within layouts/application (1.1ms)
Completed 200 OK in 35ms (Views: 34.2ms | ActiveRecord: 0.2ms)


Started GET "/microposts/new" for ::1 at 2015-07-27 16:55:45 +0200
Processing by MicropostsController#new as HTML
  Rendered microposts/_form.html.erb (1.8ms)
  Rendered microposts/new.html.erb within layouts/application (3.7ms)
Completed 200 OK in 36ms (Views: 35.2ms | ActiveRecord: 0.0ms)


Started POST "/microposts" for ::1 at 2015-07-27 16:56:05 +0200
Processing by MicropostsController#create as HTML
  Parameters: {"utf8"=>"✓", "authenticity_token"=>"cXlDIuqdjy6xfyHOJWpsGQrex7HvLtzKLYG2oMxmkStD/pS1rQFCKQrGSNMeQJ4mpz69THncVbnYZvXZM9lFaA==", "micropost"=>{"content"=>"Message 1", "user_id"=>"1"}, "commit"=>"Create Micropost"}
  [1m[36m (0.1ms)[0m  [1mbegin transaction[0m
  [1m[35mSQL (0.3ms)[0m  INSERT INTO "microposts" ("content", "user_id", "created_at", "updated_at") VALUES (?, ?, ?, ?)  [["content", "Message 1"], ["user_id", 1], ["created_at", "2015-07-27 14:56:05.030959"], ["updated_at", "2015-07-27 14:56:05.030959"]]
  [1m[36m (1.0ms)[0m  [1mcommit transaction[0m
Redirected to http://localhost:3000/microposts/2
Completed 302 Found in 6ms (ActiveRecord: 1.5ms)


Started GET "/microposts/2" for ::1 at 2015-07-27 16:56:05 +0200
Processing by MicropostsController#show as HTML
  Parameters: {"id"=>"2"}
  [1m[35mMicropost Load (0.1ms)[0m  SELECT  "microposts".* FROM "microposts" WHERE "microposts"."id" = ? LIMIT 1  [["id", 2]]
  Rendered microposts/show.html.erb within layouts/application (0.4ms)
Completed 200 OK in 34ms (Views: 33.2ms | ActiveRecord: 0.1ms)


Started GET "/microposts" for ::1 at 2015-07-27 16:56:07 +0200
Processing by MicropostsController#index as HTML
  [1m[36mMicropost Load (0.2ms)[0m  [1mSELECT "microposts".* FROM "microposts"[0m
  Rendered microposts/index.html.erb within layouts/application (1.4ms)
Completed 200 OK in 29ms (Views: 28.2ms | ActiveRecord: 0.2ms)


Started GET "/microposts/new" for ::1 at 2015-07-27 16:56:10 +0200
Processing by MicropostsController#new as HTML
  Rendered microposts/_form.html.erb (1.3ms)
  Rendered microposts/new.html.erb within layouts/application (3.0ms)
Completed 200 OK in 41ms (Views: 40.1ms | ActiveRecord: 0.0ms)


Started POST "/microposts" for ::1 at 2015-07-27 16:56:19 +0200
Processing by MicropostsController#create as HTML
  Parameters: {"utf8"=>"✓", "authenticity_token"=>"hrMA3nTsmMdiviXd6r3NkkRPKH9L+ULKq5ASZzen0660NNdJM3BVwNkHTMDRlz+t6a9Sgt0Ly7led1EeyBgH7Q==", "micropost"=>{"content"=>"Message 2", "user_id"=>"1"}, "commit"=>"Create Micropost"}
  [1m[35m (0.1ms)[0m  begin transaction
  [1m[36mSQL (0.3ms)[0m  [1mINSERT INTO "microposts" ("content", "user_id", "created_at", "updated_at") VALUES (?, ?, ?, ?)[0m  [["content", "Message 2"], ["user_id", 1], ["created_at", "2015-07-27 14:56:19.807511"], ["updated_at", "2015-07-27 14:56:19.807511"]]
  [1m[35m (1.5ms)[0m  commit transaction
Redirected to http://localhost:3000/microposts/3
Completed 302 Found in 6ms (ActiveRecord: 1.9ms)


Started GET "/microposts/3" for ::1 at 2015-07-27 16:56:19 +0200
Processing by MicropostsController#show as HTML
  Parameters: {"id"=>"3"}
  [1m[36mMicropost Load (0.1ms)[0m  [1mSELECT  "microposts".* FROM "microposts" WHERE "microposts"."id" = ? LIMIT 1[0m  [["id", 3]]
  Rendered microposts/show.html.erb within layouts/application (0.4ms)
Completed 200 OK in 32ms (Views: 31.2ms | ActiveRecord: 0.1ms)


Started GET "/microposts" for ::1 at 2015-07-27 16:56:21 +0200
Processing by MicropostsController#index as HTML
  [1m[35mMicropost Load (0.2ms)[0m  SELECT "microposts".* FROM "microposts"
  Rendered microposts/index.html.erb within layouts/application (1.3ms)
Completed 200 OK in 32ms (Views: 31.6ms | ActiveRecord: 0.2ms)


Started GET "/microposts/new" for ::1 at 2015-07-27 16:56:23 +0200
Processing by MicropostsController#new as HTML
  Rendered microposts/_form.html.erb (1.4ms)
  Rendered microposts/new.html.erb within layouts/application (3.2ms)
Completed 200 OK in 34ms (Views: 33.3ms | ActiveRecord: 0.0ms)


Started POST "/microposts" for ::1 at 2015-07-27 16:56:28 +0200
Processing by MicropostsController#create as HTML
  Parameters: {"utf8"=>"✓", "authenticity_token"=>"146GAMOJmOPL2ViK2B9ECtWZ9fw4UqYLqr6dmI3h0l3lCVGXhBVV5HBgMZfjNbY1eHmPAa6gL3hfWd7hcl4GHg==", "micropost"=>{"content"=>"Message 1", "user_id"=>"2"}, "commit"=>"Create Micropost"}
  [1m[36m (0.1ms)[0m  [1mbegin transaction[0m
  [1m[35mSQL (0.2ms)[0m  INSERT INTO "microposts" ("content", "user_id", "created_at", "updated_at") VALUES (?, ?, ?, ?)  [["content", "Message 1"], ["user_id", 2], ["created_at", "2015-07-27 14:56:28.878081"], ["updated_at", "2015-07-27 14:56:28.878081"]]
  [1m[36m (1.3ms)[0m  [1mcommit transaction[0m
Redirected to http://localhost:3000/microposts/4
Completed 302 Found in 4ms (ActiveRecord: 1.6ms)


Started GET "/microposts/4" for ::1 at 2015-07-27 16:56:28 +0200
Processing by MicropostsController#show as HTML
  Parameters: {"id"=>"4"}
  [1m[35mMicropost Load (0.1ms)[0m  SELECT  "microposts".* FROM "microposts" WHERE "microposts"."id" = ? LIMIT 1  [["id", 4]]
  Rendered microposts/show.html.erb within layouts/application (0.3ms)
Completed 200 OK in 32ms (Views: 31.1ms | ActiveRecord: 0.1ms)


Started GET "/microposts" for ::1 at 2015-07-27 16:56:31 +0200
Processing by MicropostsController#index as HTML
  [1m[36mMicropost Load (0.2ms)[0m  [1mSELECT "microposts".* FROM "microposts"[0m
  Rendered microposts/index.html.erb within layouts/application (1.6ms)
Completed 200 OK in 35ms (Views: 34.7ms | ActiveRecord: 0.2ms)
  [1m[36mUser Load (0.2ms)[0m  [1mSELECT  "users".* FROM "users"  ORDER BY "users"."id" ASC LIMIT 1[0m
  [1m[35mMicropost Load (0.2ms)[0m  SELECT "microposts".* FROM "microposts" WHERE "microposts"."user_id" = ?  [["user_id", 1]]


Started GET "/microposts" for ::1 at 2015-07-28 12:18:05 +0200

Gem::LoadError (Specified 'sqlite3' for database adapter, but the gem is not loaded. Add `gem 'sqlite3'` to your Gemfile (and ensure its version is at the minimum required by ActiveRecord).):
  activerecord (4.2.3) lib/active_record/connection_adapters/connection_specification.rb:177:in `rescue in spec'
  activerecord (4.2.3) lib/active_record/connection_adapters/connection_specification.rb:174:in `spec'
  activerecord (4.2.3) lib/active_record/connection_handling.rb:50:in `establish_connection'
  activerecord (4.2.3) lib/active_record/railtie.rb:120:in `block (2 levels) in <class:Railtie>'
  activesupport (4.2.3) lib/active_support/lazy_load_hooks.rb:38:in `instance_eval'
  activesupport (4.2.3) lib/active_support/lazy_load_hooks.rb:38:in `execute_hook'
  activesupport (4.2.3) lib/active_support/lazy_load_hooks.rb:45:in `block in run_load_hooks'
  activesupport (4.2.3) lib/active_support/lazy_load_hooks.rb:44:in `each'
  activesupport (4.2.3) lib/active_support/lazy_load_hooks.rb:44:in `run_load_hooks'
  activerecord (4.2.3) lib/active_record/base.rb:315:in `<module:ActiveRecord>'
  activerecord (4.2.3) lib/active_record/base.rb:26:in `<top (required)>'
  activerecord (4.2.3) lib/active_record/migration.rb:383:in `connection'
  activerecord (4.2.3) lib/active_record/migration.rb:370:in `call'
  actionpack (4.2.3) lib/action_dispatch/middleware/callbacks.rb:29:in `block in call'
  activesupport (4.2.3) lib/active_support/callbacks.rb:84:in `run_callbacks'
  actionpack (4.2.3) lib/action_dispatch/middleware/callbacks.rb:27:in `call'
  actionpack (4.2.3) lib/action_dispatch/middleware/reloader.rb:73:in `call'
  actionpack (4.2.3) lib/action_dispatch/middleware/remote_ip.rb:78:in `call'
  actionpack (4.2.3) lib/action_dispatch/middleware/debug_exceptions.rb:17:in `call'
  web-console (2.2.1) lib/web_console/middleware.rb:39:in `call'
  actionpack (4.2.3) lib/action_dispatch/middleware/show_exceptions.rb:30:in `call'
  railties (4.2.3) lib/rails/rack/logger.rb:38:in `call_app'
  railties (4.2.3) lib/rails/rack/logger.rb:20:in `block in call'
  activesupport (4.2.3) lib/active_support/tagged_logging.rb:68:in `block in tagged'
  activesupport (4.2.3) lib/active_support/tagged_logging.rb:26:in `tagged'
  activesupport (4.2.3) lib/active_support/tagged_logging.rb:68:in `tagged'
  railties (4.2.3) lib/rails/rack/logger.rb:20:in `call'
  actionpack (4.2.3) lib/action_dispatch/middleware/request_id.rb:21:in `call'
  rack (1.6.4) lib/rack/methodoverride.rb:22:in `call'
  rack (1.6.4) lib/rack/runtime.rb:18:in `call'
  activesupport (4.2.3) lib/active_support/cache/strategy/local_cache_middleware.rb:28:in `call'
  rack (1.6.4) lib/rack/lock.rb:17:in `call'
  actionpack (4.2.3) lib/action_dispatch/middleware/static.rb:116:in `call'
  rack (1.6.4) lib/rack/sendfile.rb:113:in `call'
  railties (4.2.3) lib/rails/engine.rb:518:in `call'
  railties (4.2.3) lib/rails/application.rb:165:in `call'
  rack (1.6.4) lib/rack/lock.rb:17:in `call'
  rack (1.6.4) lib/rack/content_length.rb:15:in `call'
  rack (1.6.4) lib/rack/handler/webrick.rb:88:in `service'
  /Users/oxynum/.rvm/rubies/ruby-2.2.2/lib/ruby/2.2.0/webrick/httpserver.rb:138:in `service'
  /Users/oxynum/.rvm/rubies/ruby-2.2.2/lib/ruby/2.2.0/webrick/httpserver.rb:94:in `run'
  /Users/oxynum/.rvm/rubies/ruby-2.2.2/lib/ruby/2.2.0/webrick/server.rb:294:in `block in start_thread'


  Rendered /Users/oxynum/.rvm/gems/ruby-2.2.2@global/gems/actionpack-4.2.3/lib/action_dispatch/middleware/templates/rescues/_source.erb (2.5ms)
  Rendered /Users/oxynum/.rvm/gems/ruby-2.2.2@global/gems/actionpack-4.2.3/lib/action_dispatch/middleware/templates/rescues/_trace.html.erb (1.6ms)
  Rendered /Users/oxynum/.rvm/gems/ruby-2.2.2@global/gems/actionpack-4.2.3/lib/action_dispatch/middleware/templates/rescues/_request_and_response.html.erb (0.9ms)
  Rendered /Users/oxynum/.rvm/gems/ruby-2.2.2@global/gems/actionpack-4.2.3/lib/action_dispatch/middleware/templates/rescues/diagnostics.html.erb within rescues/layout (63.2ms)
  Rendered /Users/oxynum/.rvm/gems/ruby-2.2.2/gems/web-console-2.2.1/lib/web_console/templates/_markup.html.erb (0.5ms)
  Rendered /Users/oxynum/.rvm/gems/ruby-2.2.2/gems/web-console-2.2.1/lib/web_console/templates/_inner_console_markup.html.erb within layouts/inlined_string (0.3ms)
  Rendered /Users/oxynum/.rvm/gems/ruby-2.2.2/gems/web-console-2.2.1/lib/web_console/templates/_prompt_box_markup.html.erb within layouts/inlined_string (0.3ms)
  Rendered /Users/oxynum/.rvm/gems/ruby-2.2.2/gems/web-console-2.2.1/lib/web_console/templates/style.css.erb within layouts/inlined_string (0.3ms)
  Rendered /Users/oxynum/.rvm/gems/ruby-2.2.2/gems/web-console-2.2.1/lib/web_console/templates/console.js.erb within layouts/javascript (46.5ms)
  Rendered /Users/oxynum/.rvm/gems/ruby-2.2.2/gems/web-console-2.2.1/lib/web_console/templates/main.js.erb within layouts/javascript (0.3ms)
  Rendered /Users/oxynum/.rvm/gems/ruby-2.2.2/gems/web-console-2.2.1/lib/web_console/templates/error_page.js.erb within layouts/javascript (0.4ms)
  Rendered /Users/oxynum/.rvm/gems/ruby-2.2.2/gems/web-console-2.2.1/lib/web_console/templates/index.html.erb (109.6ms)


Started GET "/microposts" for ::1 at 2015-07-28 12:22:31 +0200
  [1m[36mActiveRecord::SchemaMigration Load (0.4ms)[0m  [1mSELECT "schema_migrations".* FROM "schema_migrations"[0m
Processing by MicropostsController#index as HTML
  [1m[35mMicropost Load (18.8ms)[0m  SELECT "microposts".* FROM "microposts"
  Rendered microposts/index.html.erb within layouts/application (25.8ms)
Completed 200 OK in 416ms (Views: 311.4ms | ActiveRecord: 19.1ms)


Started GET "/assets/users.self-e3b0c44298fc1c149afbf4c8996fb92427ae41e4649b934ca495991b7852b855.css?body=1" for ::1 at 2015-07-28 12:22:32 +0200


Started GET "/assets/scaffolds.self-c7fdc47b5e069a369a89b8e8e25be666233c41ed1801ec91371e1b257d2fc36b.css?body=1" for ::1 at 2015-07-28 12:22:32 +0200


Started GET "/assets/microposts.self-e3b0c44298fc1c149afbf4c8996fb92427ae41e4649b934ca495991b7852b855.css?body=1" for ::1 at 2015-07-28 12:22:32 +0200


Started GET "/assets/jquery_ujs.self-ca5248a2fad13d6bd58ea121318d642f195f0b2dd818b30615f785ff365e8d1f.js?body=1" for ::1 at 2015-07-28 12:22:32 +0200


Started GET "/assets/turbolinks.self-c37727e9bd6b2735da5c311aa83fead54ed0be6cc8bd9a65309e9c5abe2cbfff.js?body=1" for ::1 at 2015-07-28 12:22:32 +0200


Started GET "/assets/application.self-e80e8f2318043e8af94dddc2adad5a4f09739a8ebb323b3ab31cd71d45fd9113.css?body=1" for ::1 at 2015-07-28 12:22:32 +0200


Started GET "/assets/jquery.self-d03a5518f45df77341bdbe6201ba3bfa547ebba8ed64f0ea56bfa5f96ea7c074.js?body=1" for ::1 at 2015-07-28 12:22:32 +0200


Started GET "/assets/microposts.self-877aef30ae1b040ab8a3aba4e3e309a11d7f2612f44dde450b5c157aa5f95c05.js?body=1" for ::1 at 2015-07-28 12:22:32 +0200


Started GET "/assets/users.self-877aef30ae1b040ab8a3aba4e3e309a11d7f2612f44dde450b5c157aa5f95c05.js?body=1" for ::1 at 2015-07-28 12:22:32 +0200


Started GET "/assets/application.self-3b8dabdc891efe46b9a144b400ad69e37d7e5876bdc39dee783419a69d7ca819.js?body=1" for ::1 at 2015-07-28 12:22:32 +0200
